22-Dec-2021 16:28:59.880 INFO [main] org.apache.catalina.core.AprLifecycleListener.lifecycleEvent The Apache Tomcat Native library which allows using OpenSSL was not found on the java.library.path: [/usr/java/packages/lib/amd64:/usr/lib64:/lib64:/lib:/usr/lib]
22-Dec-2021 16:29:01.608 INFO [main] org.apache.coyote.AbstractProtocol.init Initializing ProtocolHandler ["http-nio-8080"]
22-Dec-2021 16:29:01.683 INFO [main] org.apache.catalina.startup.Catalina.load Server initialization in [2122] milliseconds
22-Dec-2021 16:29:01.776 INFO [main] org.apache.catalina.core.StandardService.startInternal Starting service [Catalina]
22-Dec-2021 16:29:01.777 INFO [main] org.apache.catalina.core.StandardEngine.startInternal Starting Servlet engine: [Apache Tomcat/9.0.40]
22-Dec-2021 16:29:01.796 INFO [main] org.apache.catalina.startup.HostConfig.deployDirectory Установка веб приложения в папку [/home/user/untitled140/deploy/tomcat/webapps/app-portal]
22-Dec-2021 16:29:01.890 WARNING [main] org.apache.tomcat.util.digester.SetPropertiesRule.begin Match [Context/Manager] failed to set property [debug] to [0]
22-Dec-2021 16:29:01.891 WARNING [main] org.apache.tomcat.util.digester.SetPropertiesRule.begin Match [Context/Manager] failed to set property [distributable] to [false]
22-Dec-2021 16:29:13.923 INFO [main] org.apache.catalina.startup.HostConfig.deployDirectory Deployment of web application directory [/home/user/untitled140/deploy/tomcat/webapps/app-portal] has finished in [12 125] ms
22-Dec-2021 16:29:13.923 INFO [main] org.apache.catalina.startup.HostConfig.deployDirectory Установка веб приложения в папку [/home/user/untitled140/deploy/tomcat/webapps/app-core]
22-Dec-2021 16:29:13.926 WARNING [main] org.apache.tomcat.util.digester.SetPropertiesRule.begin Match [Context/Manager] failed to set property [debug] to [0]
22-Dec-2021 16:29:13.926 WARNING [main] org.apache.tomcat.util.digester.SetPropertiesRule.begin Match [Context/Manager] failed to set property [distributable] to [false]
22-Dec-2021 16:29:56.356 INFO [main] org.apache.catalina.startup.HostConfig.deployDirectory Deployment of web application directory [/home/user/untitled140/deploy/tomcat/webapps/app-core] has finished in [42 432] ms
22-Dec-2021 16:29:56.357 INFO [main] org.apache.catalina.startup.HostConfig.deployDirectory Установка веб приложения в папку [/home/user/untitled140/deploy/tomcat/webapps/app]
22-Dec-2021 16:29:56.420 WARNING [main] org.apache.tomcat.util.digester.SetPropertiesRule.begin Match [Context/Manager] failed to set property [debug] to [0]
22-Dec-2021 16:29:56.420 WARNING [main] org.apache.tomcat.util.digester.SetPropertiesRule.begin Match [Context/Manager] failed to set property [distributable] to [false]
22-Dec-2021 16:30:16.166 INFO [main] org.apache.catalina.startup.HostConfig.deployDirectory Deployment of web application directory [/home/user/untitled140/deploy/tomcat/webapps/app] has finished in [19 809] ms
22-Dec-2021 16:30:16.166 INFO [main] org.apache.catalina.startup.HostConfig.deployDirectory Установка веб приложения в папку [/home/user/untitled140/deploy/tomcat/webapps/ROOT]
22-Dec-2021 16:30:16.198 INFO [main] org.apache.catalina.startup.HostConfig.deployDirectory Deployment of web application directory [/home/user/untitled140/deploy/tomcat/webapps/ROOT] has finished in [32] ms
22-Dec-2021 16:30:16.199 INFO [main] org.apache.catalina.startup.HostConfig.deployDirectory Установка веб приложения в папку [/home/user/untitled140/deploy/tomcat/webapps/app-mobile-rest]
22-Dec-2021 16:30:19.705 INFO [main] org.apache.catalina.startup.HostConfig.deployDirectory Deployment of web application directory [/home/user/untitled140/deploy/tomcat/webapps/app-mobile-rest] has finished in [3 506] ms
22-Dec-2021 16:30:19.723 INFO [main] org.apache.coyote.AbstractProtocol.start Starting ProtocolHandler ["http-nio-8080"]
22-Dec-2021 16:30:19.822 INFO [main] org.apache.catalina.startup.Catalina.start Server startup in [78137] milliseconds
22-Dec-2021 16:36:20.512 INFO [main] org.apache.catalina.core.AprLifecycleListener.lifecycleEvent The Apache Tomcat Native library which allows using OpenSSL was not found on the java.library.path: [/usr/java/packages/lib/amd64:/usr/lib64:/lib64:/lib:/usr/lib]
22-Dec-2021 16:36:21.783 INFO [main] org.apache.coyote.AbstractProtocol.init Initializing ProtocolHandler ["http-nio-8080"]
22-Dec-2021 16:36:21.870 INFO [main] org.apache.catalina.startup.Catalina.load Server initialization in [1724] milliseconds
22-Dec-2021 16:36:21.985 INFO [main] org.apache.catalina.core.StandardService.startInternal Starting service [Catalina]
22-Dec-2021 16:36:21.987 INFO [main] org.apache.catalina.core.StandardEngine.startInternal Starting Servlet engine: [Apache Tomcat/9.0.40]
22-Dec-2021 16:36:21.999 INFO [main] org.apache.catalina.startup.HostConfig.deployDirectory Установка веб приложения в папку [/home/user/untitled140/deploy/tomcat/webapps/app-portal]
22-Dec-2021 16:36:22.073 WARNING [main] org.apache.tomcat.util.digester.SetPropertiesRule.begin Match [Context/Manager] failed to set property [debug] to [0]
22-Dec-2021 16:36:22.073 WARNING [main] org.apache.tomcat.util.digester.SetPropertiesRule.begin Match [Context/Manager] failed to set property [distributable] to [false]
22-Dec-2021 16:36:37.607 INFO [main] org.apache.catalina.startup.HostConfig.deployDirectory Deployment of web application directory [/home/user/untitled140/deploy/tomcat/webapps/app-portal] has finished in [15 607] ms
22-Dec-2021 16:36:37.618 INFO [main] org.apache.catalina.startup.HostConfig.deployDirectory Установка веб приложения в папку [/home/user/untitled140/deploy/tomcat/webapps/app-core]
22-Dec-2021 16:36:37.658 WARNING [main] org.apache.tomcat.util.digester.SetPropertiesRule.begin Match [Context/Manager] failed to set property [debug] to [0]
22-Dec-2021 16:36:37.659 WARNING [main] org.apache.tomcat.util.digester.SetPropertiesRule.begin Match [Context/Manager] failed to set property [distributable] to [false]
22-Dec-2021 16:37:01.560 INFO [main] org.apache.catalina.startup.HostConfig.deployDirectory Deployment of web application directory [/home/user/untitled140/deploy/tomcat/webapps/app-core] has finished in [23 942] ms
22-Dec-2021 16:37:01.560 INFO [main] org.apache.catalina.startup.HostConfig.deployDirectory Установка веб приложения в папку [/home/user/untitled140/deploy/tomcat/webapps/app]
22-Dec-2021 16:37:01.647 WARNING [main] org.apache.tomcat.util.digester.SetPropertiesRule.begin Match [Context/Manager] failed to set property [debug] to [0]
22-Dec-2021 16:37:01.647 WARNING [main] org.apache.tomcat.util.digester.SetPropertiesRule.begin Match [Context/Manager] failed to set property [distributable] to [false]
22-Dec-2021 16:37:14.990 INFO [main] org.apache.catalina.startup.HostConfig.deployDirectory Deployment of web application directory [/home/user/untitled140/deploy/tomcat/webapps/app] has finished in [13 430] ms
22-Dec-2021 16:37:14.991 INFO [main] org.apache.catalina.startup.HostConfig.deployDirectory Установка веб приложения в папку [/home/user/untitled140/deploy/tomcat/webapps/ROOT]
22-Dec-2021 16:37:15.119 INFO [main] org.apache.catalina.startup.HostConfig.deployDirectory Deployment of web application directory [/home/user/untitled140/deploy/tomcat/webapps/ROOT] has finished in [128] ms
22-Dec-2021 16:37:15.120 INFO [main] org.apache.catalina.startup.HostConfig.deployDirectory Установка веб приложения в папку [/home/user/untitled140/deploy/tomcat/webapps/app-mobile-rest]
22-Dec-2021 16:37:19.194 INFO [main] org.apache.catalina.startup.HostConfig.deployDirectory Deployment of web application directory [/home/user/untitled140/deploy/tomcat/webapps/app-mobile-rest] has finished in [4 075] ms
22-Dec-2021 16:37:19.334 INFO [main] org.apache.coyote.AbstractProtocol.start Starting ProtocolHandler ["http-nio-8080"]
22-Dec-2021 16:37:19.529 INFO [main] org.apache.catalina.startup.Catalina.start Server startup in [57658] milliseconds
