24-Dec-2021 10:00:41.559 INFO [main] org.apache.catalina.core.AprLifecycleListener.lifecycleEvent The Apache Tomcat Native library which allows using OpenSSL was not found on the java.library.path: [/usr/java/packages/lib/amd64:/usr/lib64:/lib64:/lib:/usr/lib]
24-Dec-2021 10:00:44.450 INFO [main] org.apache.coyote.AbstractProtocol.init Initializing ProtocolHandler ["http-nio-8080"]
24-Dec-2021 10:00:44.520 INFO [main] org.apache.catalina.startup.Catalina.load Server initialization in [3521] milliseconds
24-Dec-2021 10:00:44.636 INFO [main] org.apache.catalina.core.StandardService.startInternal Starting service [Catalina]
24-Dec-2021 10:00:44.636 INFO [main] org.apache.catalina.core.StandardEngine.startInternal Starting Servlet engine: [Apache Tomcat/9.0.40]
24-Dec-2021 10:00:44.664 INFO [main] org.apache.catalina.startup.HostConfig.deployDirectory Установка веб приложения в папку [/home/user/untitled140/deploy/tomcat/webapps/app-portal]
24-Dec-2021 10:00:44.765 WARNING [main] org.apache.tomcat.util.digester.SetPropertiesRule.begin Match [Context/Manager] failed to set property [debug] to [0]
24-Dec-2021 10:00:44.766 WARNING [main] org.apache.tomcat.util.digester.SetPropertiesRule.begin Match [Context/Manager] failed to set property [distributable] to [false]
24-Dec-2021 10:01:09.257 INFO [main] org.apache.catalina.startup.HostConfig.deployDirectory Deployment of web application directory [/home/user/untitled140/deploy/tomcat/webapps/app-portal] has finished in [24 591] ms
24-Dec-2021 10:01:09.277 INFO [main] org.apache.catalina.startup.HostConfig.deployDirectory Установка веб приложения в папку [/home/user/untitled140/deploy/tomcat/webapps/app-core]
24-Dec-2021 10:01:09.308 WARNING [main] org.apache.tomcat.util.digester.SetPropertiesRule.begin Match [Context/Manager] failed to set property [debug] to [0]
24-Dec-2021 10:01:09.309 WARNING [main] org.apache.tomcat.util.digester.SetPropertiesRule.begin Match [Context/Manager] failed to set property [distributable] to [false]
24-Dec-2021 10:01:42.200 INFO [main] org.apache.catalina.startup.HostConfig.deployDirectory Deployment of web application directory [/home/user/untitled140/deploy/tomcat/webapps/app-core] has finished in [32 924] ms
24-Dec-2021 10:01:42.215 INFO [main] org.apache.catalina.startup.HostConfig.deployDirectory Установка веб приложения в папку [/home/user/untitled140/deploy/tomcat/webapps/app]
24-Dec-2021 10:01:42.464 WARNING [main] org.apache.tomcat.util.digester.SetPropertiesRule.begin Match [Context/Manager] failed to set property [debug] to [0]
24-Dec-2021 10:01:42.464 WARNING [main] org.apache.tomcat.util.digester.SetPropertiesRule.begin Match [Context/Manager] failed to set property [distributable] to [false]
24-Dec-2021 10:01:59.959 INFO [main] org.apache.catalina.startup.HostConfig.deployDirectory Deployment of web application directory [/home/user/untitled140/deploy/tomcat/webapps/app] has finished in [17 744] ms
24-Dec-2021 10:01:59.981 INFO [main] org.apache.catalina.startup.HostConfig.deployDirectory Установка веб приложения в папку [/home/user/untitled140/deploy/tomcat/webapps/ROOT]
24-Dec-2021 10:02:00.210 INFO [main] org.apache.catalina.startup.HostConfig.deployDirectory Deployment of web application directory [/home/user/untitled140/deploy/tomcat/webapps/ROOT] has finished in [230] ms
24-Dec-2021 10:02:00.211 INFO [main] org.apache.catalina.startup.HostConfig.deployDirectory Установка веб приложения в папку [/home/user/untitled140/deploy/tomcat/webapps/app-mobile-rest]
24-Dec-2021 10:02:05.052 INFO [main] org.apache.catalina.startup.HostConfig.deployDirectory Deployment of web application directory [/home/user/untitled140/deploy/tomcat/webapps/app-mobile-rest] has finished in [4 842] ms
24-Dec-2021 10:02:05.181 INFO [main] org.apache.coyote.AbstractProtocol.start Starting ProtocolHandler ["http-nio-8080"]
24-Dec-2021 10:02:05.313 INFO [main] org.apache.catalina.startup.Catalina.start Server startup in [80791] milliseconds
