28-Dec-2021 11:04:21.525 INFO [main] org.apache.catalina.core.AprLifecycleListener.lifecycleEvent The Apache Tomcat Native library which allows using OpenSSL was not found on the java.library.path: [/usr/java/packages/lib/amd64:/usr/lib64:/lib64:/lib:/usr/lib]
28-Dec-2021 11:04:24.015 INFO [main] org.apache.coyote.AbstractProtocol.init Initializing ProtocolHandler ["http-nio-8080"]
28-Dec-2021 11:04:24.101 INFO [main] org.apache.catalina.startup.Catalina.load Server initialization in [2819] milliseconds
28-Dec-2021 11:04:24.183 INFO [main] org.apache.catalina.core.StandardService.startInternal Starting service [Catalina]
28-Dec-2021 11:04:24.184 INFO [main] org.apache.catalina.core.StandardEngine.startInternal Starting Servlet engine: [Apache Tomcat/9.0.40]
28-Dec-2021 11:04:24.203 INFO [main] org.apache.catalina.startup.HostConfig.deployDirectory Установка веб приложения в папку [/home/user/untitled140/deploy/tomcat/webapps/app-portal]
28-Dec-2021 11:04:24.280 WARNING [main] org.apache.tomcat.util.digester.SetPropertiesRule.begin Match [Context/Manager] failed to set property [debug] to [0]
28-Dec-2021 11:04:24.280 WARNING [main] org.apache.tomcat.util.digester.SetPropertiesRule.begin Match [Context/Manager] failed to set property [distributable] to [false]
28-Dec-2021 11:04:43.971 INFO [main] org.apache.catalina.startup.HostConfig.deployDirectory Deployment of web application directory [/home/user/untitled140/deploy/tomcat/webapps/app-portal] has finished in [19 767] ms
28-Dec-2021 11:04:43.971 INFO [main] org.apache.catalina.startup.HostConfig.deployDirectory Установка веб приложения в папку [/home/user/untitled140/deploy/tomcat/webapps/app-core]
28-Dec-2021 11:04:43.997 WARNING [main] org.apache.tomcat.util.digester.SetPropertiesRule.begin Match [Context/Manager] failed to set property [debug] to [0]
28-Dec-2021 11:04:43.998 WARNING [main] org.apache.tomcat.util.digester.SetPropertiesRule.begin Match [Context/Manager] failed to set property [distributable] to [false]
28-Dec-2021 11:05:19.991 INFO [main] org.apache.catalina.startup.HostConfig.deployDirectory Deployment of web application directory [/home/user/untitled140/deploy/tomcat/webapps/app-core] has finished in [36 020] ms
28-Dec-2021 11:05:20.016 INFO [main] org.apache.catalina.startup.HostConfig.deployDirectory Установка веб приложения в папку [/home/user/untitled140/deploy/tomcat/webapps/app]
28-Dec-2021 11:05:20.059 WARNING [main] org.apache.tomcat.util.digester.SetPropertiesRule.begin Match [Context/Manager] failed to set property [debug] to [0]
28-Dec-2021 11:05:20.060 WARNING [main] org.apache.tomcat.util.digester.SetPropertiesRule.begin Match [Context/Manager] failed to set property [distributable] to [false]
28-Dec-2021 11:05:35.466 INFO [main] org.apache.catalina.startup.HostConfig.deployDirectory Deployment of web application directory [/home/user/untitled140/deploy/tomcat/webapps/app] has finished in [15 450] ms
28-Dec-2021 11:05:35.466 INFO [main] org.apache.catalina.startup.HostConfig.deployDirectory Установка веб приложения в папку [/home/user/untitled140/deploy/tomcat/webapps/ROOT]
28-Dec-2021 11:05:35.566 INFO [main] org.apache.catalina.startup.HostConfig.deployDirectory Deployment of web application directory [/home/user/untitled140/deploy/tomcat/webapps/ROOT] has finished in [99] ms
28-Dec-2021 11:05:35.566 INFO [main] org.apache.catalina.startup.HostConfig.deployDirectory Установка веб приложения в папку [/home/user/untitled140/deploy/tomcat/webapps/app-mobile-rest]
28-Dec-2021 11:05:39.974 INFO [main] org.apache.catalina.startup.HostConfig.deployDirectory Deployment of web application directory [/home/user/untitled140/deploy/tomcat/webapps/app-mobile-rest] has finished in [4 408] ms
28-Dec-2021 11:05:40.029 INFO [main] org.apache.coyote.AbstractProtocol.start Starting ProtocolHandler ["http-nio-8080"]
28-Dec-2021 11:05:40.235 INFO [main] org.apache.catalina.startup.Catalina.start Server startup in [76133] milliseconds
28-Dec-2021 11:28:04.649 INFO [main] org.apache.catalina.core.AprLifecycleListener.lifecycleEvent The Apache Tomcat Native library which allows using OpenSSL was not found on the java.library.path: [/usr/java/packages/lib/amd64:/usr/lib64:/lib64:/lib:/usr/lib]
28-Dec-2021 11:28:07.030 INFO [main] org.apache.coyote.AbstractProtocol.init Initializing ProtocolHandler ["http-nio-8080"]
28-Dec-2021 11:28:07.116 INFO [main] org.apache.catalina.startup.Catalina.load Server initialization in [2828] milliseconds
28-Dec-2021 11:28:07.247 INFO [main] org.apache.catalina.core.StandardService.startInternal Starting service [Catalina]
28-Dec-2021 11:28:07.249 INFO [main] org.apache.catalina.core.StandardEngine.startInternal Starting Servlet engine: [Apache Tomcat/9.0.40]
28-Dec-2021 11:28:07.260 INFO [main] org.apache.catalina.startup.HostConfig.deployDirectory Установка веб приложения в папку [/home/user/untitled140/deploy/tomcat/webapps/app-portal]
28-Dec-2021 11:28:07.363 WARNING [main] org.apache.tomcat.util.digester.SetPropertiesRule.begin Match [Context/Manager] failed to set property [debug] to [0]
28-Dec-2021 11:28:07.364 WARNING [main] org.apache.tomcat.util.digester.SetPropertiesRule.begin Match [Context/Manager] failed to set property [distributable] to [false]
28-Dec-2021 11:28:28.711 INFO [main] org.apache.catalina.startup.HostConfig.deployDirectory Deployment of web application directory [/home/user/untitled140/deploy/tomcat/webapps/app-portal] has finished in [21 450] ms
28-Dec-2021 11:28:28.711 INFO [main] org.apache.catalina.startup.HostConfig.deployDirectory Установка веб приложения в папку [/home/user/untitled140/deploy/tomcat/webapps/app-core]
28-Dec-2021 11:28:28.762 WARNING [main] org.apache.tomcat.util.digester.SetPropertiesRule.begin Match [Context/Manager] failed to set property [debug] to [0]
28-Dec-2021 11:28:28.763 WARNING [main] org.apache.tomcat.util.digester.SetPropertiesRule.begin Match [Context/Manager] failed to set property [distributable] to [false]
28-Dec-2021 11:28:55.067 INFO [main] org.apache.catalina.startup.HostConfig.deployDirectory Deployment of web application directory [/home/user/untitled140/deploy/tomcat/webapps/app-core] has finished in [26 356] ms
28-Dec-2021 11:28:55.103 INFO [main] org.apache.catalina.startup.HostConfig.deployDirectory Установка веб приложения в папку [/home/user/untitled140/deploy/tomcat/webapps/app]
28-Dec-2021 11:28:55.201 WARNING [main] org.apache.tomcat.util.digester.SetPropertiesRule.begin Match [Context/Manager] failed to set property [debug] to [0]
28-Dec-2021 11:28:55.202 WARNING [main] org.apache.tomcat.util.digester.SetPropertiesRule.begin Match [Context/Manager] failed to set property [distributable] to [false]
28-Dec-2021 11:29:12.326 INFO [main] org.apache.catalina.startup.HostConfig.deployDirectory Deployment of web application directory [/home/user/untitled140/deploy/tomcat/webapps/app] has finished in [17 223] ms
28-Dec-2021 11:29:12.327 INFO [main] org.apache.catalina.startup.HostConfig.deployDirectory Установка веб приложения в папку [/home/user/untitled140/deploy/tomcat/webapps/ROOT]
28-Dec-2021 11:29:12.405 INFO [main] org.apache.catalina.startup.HostConfig.deployDirectory Deployment of web application directory [/home/user/untitled140/deploy/tomcat/webapps/ROOT] has finished in [78] ms
28-Dec-2021 11:29:12.406 INFO [main] org.apache.catalina.startup.HostConfig.deployDirectory Установка веб приложения в папку [/home/user/untitled140/deploy/tomcat/webapps/app-mobile-rest]
28-Dec-2021 11:29:17.880 INFO [main] org.apache.catalina.startup.HostConfig.deployDirectory Deployment of web application directory [/home/user/untitled140/deploy/tomcat/webapps/app-mobile-rest] has finished in [5 475] ms
28-Dec-2021 11:29:17.953 INFO [main] org.apache.coyote.AbstractProtocol.start Starting ProtocolHandler ["http-nio-8080"]
28-Dec-2021 11:29:18.017 INFO [main] org.apache.catalina.startup.Catalina.start Server startup in [70899] milliseconds
28-Dec-2021 12:20:46.834 INFO [main] org.apache.catalina.core.AprLifecycleListener.lifecycleEvent The Apache Tomcat Native library which allows using OpenSSL was not found on the java.library.path: [/usr/java/packages/lib/amd64:/usr/lib64:/lib64:/lib:/usr/lib]
28-Dec-2021 12:20:49.559 INFO [main] org.apache.coyote.AbstractProtocol.init Initializing ProtocolHandler ["http-nio-8080"]
28-Dec-2021 12:20:49.659 INFO [main] org.apache.catalina.startup.Catalina.load Server initialization in [3473] milliseconds
28-Dec-2021 12:20:49.807 INFO [main] org.apache.catalina.core.StandardService.startInternal Starting service [Catalina]
28-Dec-2021 12:20:49.808 INFO [main] org.apache.catalina.core.StandardEngine.startInternal Starting Servlet engine: [Apache Tomcat/9.0.40]
28-Dec-2021 12:20:49.857 INFO [main] org.apache.catalina.startup.HostConfig.deployDirectory Установка веб приложения в папку [/home/user/untitled140/deploy/tomcat/webapps/app-portal]
28-Dec-2021 12:20:49.938 WARNING [main] org.apache.tomcat.util.digester.SetPropertiesRule.begin Match [Context/Manager] failed to set property [debug] to [0]
28-Dec-2021 12:20:49.939 WARNING [main] org.apache.tomcat.util.digester.SetPropertiesRule.begin Match [Context/Manager] failed to set property [distributable] to [false]
28-Dec-2021 12:21:04.655 INFO [main] org.apache.catalina.startup.HostConfig.deployDirectory Deployment of web application directory [/home/user/untitled140/deploy/tomcat/webapps/app-portal] has finished in [14 779] ms
28-Dec-2021 12:21:04.656 INFO [main] org.apache.catalina.startup.HostConfig.deployDirectory Установка веб приложения в папку [/home/user/untitled140/deploy/tomcat/webapps/app-core]
28-Dec-2021 12:21:04.659 WARNING [main] org.apache.tomcat.util.digester.SetPropertiesRule.begin Match [Context/Manager] failed to set property [debug] to [0]
28-Dec-2021 12:21:04.659 WARNING [main] org.apache.tomcat.util.digester.SetPropertiesRule.begin Match [Context/Manager] failed to set property [distributable] to [false]
28-Dec-2021 12:21:28.810 INFO [main] org.apache.catalina.startup.HostConfig.deployDirectory Deployment of web application directory [/home/user/untitled140/deploy/tomcat/webapps/app-core] has finished in [24 155] ms
28-Dec-2021 12:21:28.810 INFO [main] org.apache.catalina.startup.HostConfig.deployDirectory Установка веб приложения в папку [/home/user/untitled140/deploy/tomcat/webapps/app]
28-Dec-2021 12:21:28.865 WARNING [main] org.apache.tomcat.util.digester.SetPropertiesRule.begin Match [Context/Manager] failed to set property [debug] to [0]
28-Dec-2021 12:21:28.865 WARNING [main] org.apache.tomcat.util.digester.SetPropertiesRule.begin Match [Context/Manager] failed to set property [distributable] to [false]
28-Dec-2021 12:21:43.219 INFO [main] org.apache.catalina.startup.HostConfig.deployDirectory Deployment of web application directory [/home/user/untitled140/deploy/tomcat/webapps/app] has finished in [14 408] ms
28-Dec-2021 12:21:43.219 INFO [main] org.apache.catalina.startup.HostConfig.deployDirectory Установка веб приложения в папку [/home/user/untitled140/deploy/tomcat/webapps/ROOT]
28-Dec-2021 12:21:43.360 INFO [main] org.apache.catalina.startup.HostConfig.deployDirectory Deployment of web application directory [/home/user/untitled140/deploy/tomcat/webapps/ROOT] has finished in [141] ms
28-Dec-2021 12:21:43.360 INFO [main] org.apache.catalina.startup.HostConfig.deployDirectory Установка веб приложения в папку [/home/user/untitled140/deploy/tomcat/webapps/app-mobile-rest]
28-Dec-2021 12:21:48.068 INFO [main] org.apache.catalina.startup.HostConfig.deployDirectory Deployment of web application directory [/home/user/untitled140/deploy/tomcat/webapps/app-mobile-rest] has finished in [4 708] ms
28-Dec-2021 12:21:48.107 INFO [main] org.apache.coyote.AbstractProtocol.start Starting ProtocolHandler ["http-nio-8080"]
28-Dec-2021 12:21:48.486 INFO [main] org.apache.catalina.startup.Catalina.start Server startup in [58826] milliseconds
28-Dec-2021 12:48:00.062 INFO [main] org.apache.catalina.core.AprLifecycleListener.lifecycleEvent The Apache Tomcat Native library which allows using OpenSSL was not found on the java.library.path: [/usr/java/packages/lib/amd64:/usr/lib64:/lib64:/lib:/usr/lib]
28-Dec-2021 12:48:02.402 INFO [main] org.apache.coyote.AbstractProtocol.init Initializing ProtocolHandler ["http-nio-8080"]
28-Dec-2021 12:48:02.479 INFO [main] org.apache.catalina.startup.Catalina.load Server initialization in [2921] milliseconds
28-Dec-2021 12:48:02.567 INFO [main] org.apache.catalina.core.StandardService.startInternal Starting service [Catalina]
28-Dec-2021 12:48:02.568 INFO [main] org.apache.catalina.core.StandardEngine.startInternal Starting Servlet engine: [Apache Tomcat/9.0.40]
28-Dec-2021 12:48:02.595 INFO [main] org.apache.catalina.startup.HostConfig.deployDirectory Установка веб приложения в папку [/home/user/untitled140/deploy/tomcat/webapps/app-portal]
28-Dec-2021 12:48:02.673 WARNING [main] org.apache.tomcat.util.digester.SetPropertiesRule.begin Match [Context/Manager] failed to set property [debug] to [0]
28-Dec-2021 12:48:02.673 WARNING [main] org.apache.tomcat.util.digester.SetPropertiesRule.begin Match [Context/Manager] failed to set property [distributable] to [false]
28-Dec-2021 12:48:17.948 INFO [main] org.apache.catalina.startup.HostConfig.deployDirectory Deployment of web application directory [/home/user/untitled140/deploy/tomcat/webapps/app-portal] has finished in [15 287] ms
28-Dec-2021 12:48:17.949 INFO [main] org.apache.catalina.startup.HostConfig.deployDirectory Установка веб приложения в папку [/home/user/untitled140/deploy/tomcat/webapps/app-core]
28-Dec-2021 12:48:18.008 WARNING [main] org.apache.tomcat.util.digester.SetPropertiesRule.begin Match [Context/Manager] failed to set property [debug] to [0]
28-Dec-2021 12:48:18.009 WARNING [main] org.apache.tomcat.util.digester.SetPropertiesRule.begin Match [Context/Manager] failed to set property [distributable] to [false]
28-Dec-2021 12:48:40.844 INFO [main] org.apache.catalina.startup.HostConfig.deployDirectory Deployment of web application directory [/home/user/untitled140/deploy/tomcat/webapps/app-core] has finished in [22 894] ms
28-Dec-2021 12:48:40.844 INFO [main] org.apache.catalina.startup.HostConfig.deployDirectory Установка веб приложения в папку [/home/user/untitled140/deploy/tomcat/webapps/app]
28-Dec-2021 12:48:40.889 WARNING [main] org.apache.tomcat.util.digester.SetPropertiesRule.begin Match [Context/Manager] failed to set property [debug] to [0]
28-Dec-2021 12:48:40.889 WARNING [main] org.apache.tomcat.util.digester.SetPropertiesRule.begin Match [Context/Manager] failed to set property [distributable] to [false]
28-Dec-2021 12:48:55.391 INFO [main] org.apache.catalina.startup.HostConfig.deployDirectory Deployment of web application directory [/home/user/untitled140/deploy/tomcat/webapps/app] has finished in [14 547] ms
28-Dec-2021 12:48:55.392 INFO [main] org.apache.catalina.startup.HostConfig.deployDirectory Установка веб приложения в папку [/home/user/untitled140/deploy/tomcat/webapps/ROOT]
28-Dec-2021 12:48:55.499 INFO [main] org.apache.catalina.startup.HostConfig.deployDirectory Deployment of web application directory [/home/user/untitled140/deploy/tomcat/webapps/ROOT] has finished in [107] ms
28-Dec-2021 12:48:55.500 INFO [main] org.apache.catalina.startup.HostConfig.deployDirectory Установка веб приложения в папку [/home/user/untitled140/deploy/tomcat/webapps/app-mobile-rest]
28-Dec-2021 12:48:59.708 INFO [main] org.apache.catalina.startup.HostConfig.deployDirectory Deployment of web application directory [/home/user/untitled140/deploy/tomcat/webapps/app-mobile-rest] has finished in [4 208] ms
28-Dec-2021 12:48:59.793 INFO [main] org.apache.coyote.AbstractProtocol.start Starting ProtocolHandler ["http-nio-8080"]
28-Dec-2021 12:48:59.948 INFO [main] org.apache.catalina.startup.Catalina.start Server startup in [57468] milliseconds
28-Dec-2021 13:18:28.873 INFO [main] org.apache.catalina.core.AprLifecycleListener.lifecycleEvent The Apache Tomcat Native library which allows using OpenSSL was not found on the java.library.path: [/usr/java/packages/lib/amd64:/usr/lib64:/lib64:/lib:/usr/lib]
28-Dec-2021 13:18:31.703 INFO [main] org.apache.coyote.AbstractProtocol.init Initializing ProtocolHandler ["http-nio-8080"]
28-Dec-2021 13:18:31.798 INFO [main] org.apache.catalina.startup.Catalina.load Server initialization in [3421] milliseconds
28-Dec-2021 13:18:31.887 INFO [main] org.apache.catalina.core.StandardService.startInternal Starting service [Catalina]
28-Dec-2021 13:18:31.889 INFO [main] org.apache.catalina.core.StandardEngine.startInternal Starting Servlet engine: [Apache Tomcat/9.0.40]
28-Dec-2021 13:18:31.907 INFO [main] org.apache.catalina.startup.HostConfig.deployDirectory Установка веб приложения в папку [/home/user/untitled140/deploy/tomcat/webapps/app-portal]
28-Dec-2021 13:18:31.994 WARNING [main] org.apache.tomcat.util.digester.SetPropertiesRule.begin Match [Context/Manager] failed to set property [debug] to [0]
28-Dec-2021 13:18:31.994 WARNING [main] org.apache.tomcat.util.digester.SetPropertiesRule.begin Match [Context/Manager] failed to set property [distributable] to [false]
28-Dec-2021 13:18:44.893 INFO [main] org.apache.catalina.startup.HostConfig.deployDirectory Deployment of web application directory [/home/user/untitled140/deploy/tomcat/webapps/app-portal] has finished in [12 960] ms
28-Dec-2021 13:18:44.893 INFO [main] org.apache.catalina.startup.HostConfig.deployDirectory Установка веб приложения в папку [/home/user/untitled140/deploy/tomcat/webapps/app-core]
28-Dec-2021 13:18:44.911 WARNING [main] org.apache.tomcat.util.digester.SetPropertiesRule.begin Match [Context/Manager] failed to set property [debug] to [0]
28-Dec-2021 13:18:44.911 WARNING [main] org.apache.tomcat.util.digester.SetPropertiesRule.begin Match [Context/Manager] failed to set property [distributable] to [false]
28-Dec-2021 13:19:09.553 INFO [main] org.apache.catalina.startup.HostConfig.deployDirectory Deployment of web application directory [/home/user/untitled140/deploy/tomcat/webapps/app-core] has finished in [24 660] ms
28-Dec-2021 13:19:09.554 INFO [main] org.apache.catalina.startup.HostConfig.deployDirectory Установка веб приложения в папку [/home/user/untitled140/deploy/tomcat/webapps/app]
28-Dec-2021 13:19:09.634 WARNING [main] org.apache.tomcat.util.digester.SetPropertiesRule.begin Match [Context/Manager] failed to set property [debug] to [0]
28-Dec-2021 13:19:09.634 WARNING [main] org.apache.tomcat.util.digester.SetPropertiesRule.begin Match [Context/Manager] failed to set property [distributable] to [false]
28-Dec-2021 13:19:24.725 INFO [main] org.apache.catalina.startup.HostConfig.deployDirectory Deployment of web application directory [/home/user/untitled140/deploy/tomcat/webapps/app] has finished in [15 171] ms
28-Dec-2021 13:19:24.726 INFO [main] org.apache.catalina.startup.HostConfig.deployDirectory Установка веб приложения в папку [/home/user/untitled140/deploy/tomcat/webapps/ROOT]
28-Dec-2021 13:19:24.798 INFO [main] org.apache.catalina.startup.HostConfig.deployDirectory Deployment of web application directory [/home/user/untitled140/deploy/tomcat/webapps/ROOT] has finished in [71] ms
28-Dec-2021 13:19:24.798 INFO [main] org.apache.catalina.startup.HostConfig.deployDirectory Установка веб приложения в папку [/home/user/untitled140/deploy/tomcat/webapps/app-mobile-rest]
28-Dec-2021 13:19:29.593 INFO [main] org.apache.catalina.startup.HostConfig.deployDirectory Deployment of web application directory [/home/user/untitled140/deploy/tomcat/webapps/app-mobile-rest] has finished in [4 794] ms
28-Dec-2021 13:19:29.626 INFO [main] org.apache.coyote.AbstractProtocol.start Starting ProtocolHandler ["http-nio-8080"]
28-Dec-2021 13:19:29.934 INFO [main] org.apache.catalina.startup.Catalina.start Server startup in [58135] milliseconds
28-Dec-2021 13:47:05.942 INFO [main] org.apache.catalina.core.AprLifecycleListener.lifecycleEvent The Apache Tomcat Native library which allows using OpenSSL was not found on the java.library.path: [/usr/java/packages/lib/amd64:/usr/lib64:/lib64:/lib:/usr/lib]
28-Dec-2021 13:47:08.373 INFO [main] org.apache.coyote.AbstractProtocol.init Initializing ProtocolHandler ["http-nio-8080"]
28-Dec-2021 13:47:08.468 INFO [main] org.apache.catalina.startup.Catalina.load Server initialization in [3748] milliseconds
28-Dec-2021 13:47:08.566 INFO [main] org.apache.catalina.core.StandardService.startInternal Starting service [Catalina]
28-Dec-2021 13:47:08.567 INFO [main] org.apache.catalina.core.StandardEngine.startInternal Starting Servlet engine: [Apache Tomcat/9.0.40]
28-Dec-2021 13:47:08.585 INFO [main] org.apache.catalina.startup.HostConfig.deployDirectory Установка веб приложения в папку [/home/user/untitled140/deploy/tomcat/webapps/app-portal]
28-Dec-2021 13:47:08.663 WARNING [main] org.apache.tomcat.util.digester.SetPropertiesRule.begin Match [Context/Manager] failed to set property [debug] to [0]
28-Dec-2021 13:47:08.664 WARNING [main] org.apache.tomcat.util.digester.SetPropertiesRule.begin Match [Context/Manager] failed to set property [distributable] to [false]
28-Dec-2021 13:47:22.073 INFO [main] org.apache.catalina.startup.HostConfig.deployDirectory Deployment of web application directory [/home/user/untitled140/deploy/tomcat/webapps/app-portal] has finished in [13 487] ms
28-Dec-2021 13:47:22.074 INFO [main] org.apache.catalina.startup.HostConfig.deployDirectory Установка веб приложения в папку [/home/user/untitled140/deploy/tomcat/webapps/app-core]
28-Dec-2021 13:47:22.077 WARNING [main] org.apache.tomcat.util.digester.SetPropertiesRule.begin Match [Context/Manager] failed to set property [debug] to [0]
28-Dec-2021 13:47:22.078 WARNING [main] org.apache.tomcat.util.digester.SetPropertiesRule.begin Match [Context/Manager] failed to set property [distributable] to [false]
28-Dec-2021 13:47:46.376 INFO [main] org.apache.catalina.startup.HostConfig.deployDirectory Deployment of web application directory [/home/user/untitled140/deploy/tomcat/webapps/app-core] has finished in [24 302] ms
28-Dec-2021 13:47:46.419 INFO [main] org.apache.catalina.startup.HostConfig.deployDirectory Установка веб приложения в папку [/home/user/untitled140/deploy/tomcat/webapps/app]
28-Dec-2021 13:47:46.586 WARNING [main] org.apache.tomcat.util.digester.SetPropertiesRule.begin Match [Context/Manager] failed to set property [debug] to [0]
28-Dec-2021 13:47:46.587 WARNING [main] org.apache.tomcat.util.digester.SetPropertiesRule.begin Match [Context/Manager] failed to set property [distributable] to [false]
28-Dec-2021 13:48:01.247 INFO [main] org.apache.catalina.startup.HostConfig.deployDirectory Deployment of web application directory [/home/user/untitled140/deploy/tomcat/webapps/app] has finished in [14 828] ms
28-Dec-2021 13:48:01.248 INFO [main] org.apache.catalina.startup.HostConfig.deployDirectory Установка веб приложения в папку [/home/user/untitled140/deploy/tomcat/webapps/ROOT]
28-Dec-2021 13:48:01.326 INFO [main] org.apache.catalina.startup.HostConfig.deployDirectory Deployment of web application directory [/home/user/untitled140/deploy/tomcat/webapps/ROOT] has finished in [77] ms
28-Dec-2021 13:48:01.326 INFO [main] org.apache.catalina.startup.HostConfig.deployDirectory Установка веб приложения в папку [/home/user/untitled140/deploy/tomcat/webapps/app-mobile-rest]
28-Dec-2021 13:48:05.250 INFO [main] org.apache.catalina.startup.HostConfig.deployDirectory Deployment of web application directory [/home/user/untitled140/deploy/tomcat/webapps/app-mobile-rest] has finished in [3 924] ms
28-Dec-2021 13:48:05.433 INFO [main] org.apache.coyote.AbstractProtocol.start Starting ProtocolHandler ["http-nio-8080"]
28-Dec-2021 13:48:05.649 INFO [main] org.apache.catalina.startup.Catalina.start Server startup in [57180] milliseconds
28-Dec-2021 13:53:10.369 INFO [main] org.apache.catalina.core.AprLifecycleListener.lifecycleEvent The Apache Tomcat Native library which allows using OpenSSL was not found on the java.library.path: [/usr/java/packages/lib/amd64:/usr/lib64:/lib64:/lib:/usr/lib]
28-Dec-2021 13:53:12.853 INFO [main] org.apache.coyote.AbstractProtocol.init Initializing ProtocolHandler ["http-nio-8080"]
28-Dec-2021 13:53:12.939 INFO [main] org.apache.catalina.startup.Catalina.load Server initialization in [3061] milliseconds
28-Dec-2021 13:53:13.045 INFO [main] org.apache.catalina.core.StandardService.startInternal Starting service [Catalina]
28-Dec-2021 13:53:13.046 INFO [main] org.apache.catalina.core.StandardEngine.startInternal Starting Servlet engine: [Apache Tomcat/9.0.40]
28-Dec-2021 13:53:13.064 INFO [main] org.apache.catalina.startup.HostConfig.deployDirectory Установка веб приложения в папку [/home/user/untitled140/deploy/tomcat/webapps/app-portal]
28-Dec-2021 13:53:13.160 WARNING [main] org.apache.tomcat.util.digester.SetPropertiesRule.begin Match [Context/Manager] failed to set property [debug] to [0]
28-Dec-2021 13:53:13.161 WARNING [main] org.apache.tomcat.util.digester.SetPropertiesRule.begin Match [Context/Manager] failed to set property [distributable] to [false]
28-Dec-2021 13:53:33.133 INFO [main] org.apache.catalina.startup.HostConfig.deployDirectory Deployment of web application directory [/home/user/untitled140/deploy/tomcat/webapps/app-portal] has finished in [20 043] ms
28-Dec-2021 13:53:33.134 INFO [main] org.apache.catalina.startup.HostConfig.deployDirectory Установка веб приложения в папку [/home/user/untitled140/deploy/tomcat/webapps/app-core]
28-Dec-2021 13:53:33.139 WARNING [main] org.apache.tomcat.util.digester.SetPropertiesRule.begin Match [Context/Manager] failed to set property [debug] to [0]
28-Dec-2021 13:53:33.139 WARNING [main] org.apache.tomcat.util.digester.SetPropertiesRule.begin Match [Context/Manager] failed to set property [distributable] to [false]
28-Dec-2021 13:53:57.127 INFO [main] org.apache.catalina.startup.HostConfig.deployDirectory Deployment of web application directory [/home/user/untitled140/deploy/tomcat/webapps/app-core] has finished in [23 993] ms
28-Dec-2021 13:53:57.127 INFO [main] org.apache.catalina.startup.HostConfig.deployDirectory Установка веб приложения в папку [/home/user/untitled140/deploy/tomcat/webapps/app]
28-Dec-2021 13:53:57.186 WARNING [main] org.apache.tomcat.util.digester.SetPropertiesRule.begin Match [Context/Manager] failed to set property [debug] to [0]
28-Dec-2021 13:53:57.187 WARNING [main] org.apache.tomcat.util.digester.SetPropertiesRule.begin Match [Context/Manager] failed to set property [distributable] to [false]
28-Dec-2021 13:54:15.017 INFO [main] org.apache.catalina.startup.HostConfig.deployDirectory Deployment of web application directory [/home/user/untitled140/deploy/tomcat/webapps/app] has finished in [17 889] ms
28-Dec-2021 13:54:15.017 INFO [main] org.apache.catalina.startup.HostConfig.deployDirectory Установка веб приложения в папку [/home/user/untitled140/deploy/tomcat/webapps/ROOT]
28-Dec-2021 13:54:15.087 INFO [main] org.apache.catalina.startup.HostConfig.deployDirectory Deployment of web application directory [/home/user/untitled140/deploy/tomcat/webapps/ROOT] has finished in [70] ms
28-Dec-2021 13:54:15.088 INFO [main] org.apache.catalina.startup.HostConfig.deployDirectory Установка веб приложения в папку [/home/user/untitled140/deploy/tomcat/webapps/app-mobile-rest]
28-Dec-2021 13:54:19.220 INFO [main] org.apache.catalina.startup.HostConfig.deployDirectory Deployment of web application directory [/home/user/untitled140/deploy/tomcat/webapps/app-mobile-rest] has finished in [4 132] ms
28-Dec-2021 13:54:19.250 INFO [main] org.apache.coyote.AbstractProtocol.start Starting ProtocolHandler ["http-nio-8080"]
28-Dec-2021 13:54:19.824 INFO [main] org.apache.catalina.startup.Catalina.start Server startup in [66884] milliseconds
28-Dec-2021 14:00:39.917 INFO [main] org.apache.catalina.core.AprLifecycleListener.lifecycleEvent The Apache Tomcat Native library which allows using OpenSSL was not found on the java.library.path: [/usr/java/packages/lib/amd64:/usr/lib64:/lib64:/lib:/usr/lib]
28-Dec-2021 14:00:42.508 INFO [main] org.apache.coyote.AbstractProtocol.init Initializing ProtocolHandler ["http-nio-8080"]
28-Dec-2021 14:00:42.678 INFO [main] org.apache.catalina.startup.Catalina.load Server initialization in [3245] milliseconds
28-Dec-2021 14:00:42.792 INFO [main] org.apache.catalina.core.StandardService.startInternal Starting service [Catalina]
28-Dec-2021 14:00:42.793 INFO [main] org.apache.catalina.core.StandardEngine.startInternal Starting Servlet engine: [Apache Tomcat/9.0.40]
28-Dec-2021 14:00:42.838 INFO [main] org.apache.catalina.startup.HostConfig.deployDirectory Установка веб приложения в папку [/home/user/untitled140/deploy/tomcat/webapps/app-portal]
28-Dec-2021 14:00:42.915 WARNING [main] org.apache.tomcat.util.digester.SetPropertiesRule.begin Match [Context/Manager] failed to set property [debug] to [0]
28-Dec-2021 14:00:42.916 WARNING [main] org.apache.tomcat.util.digester.SetPropertiesRule.begin Match [Context/Manager] failed to set property [distributable] to [false]
28-Dec-2021 14:00:58.748 INFO [main] org.apache.catalina.startup.HostConfig.deployDirectory Deployment of web application directory [/home/user/untitled140/deploy/tomcat/webapps/app-portal] has finished in [15 870] ms
28-Dec-2021 14:00:58.749 INFO [main] org.apache.catalina.startup.HostConfig.deployDirectory Установка веб приложения в папку [/home/user/untitled140/deploy/tomcat/webapps/app-core]
28-Dec-2021 14:00:58.754 WARNING [main] org.apache.tomcat.util.digester.SetPropertiesRule.begin Match [Context/Manager] failed to set property [debug] to [0]
28-Dec-2021 14:00:58.755 WARNING [main] org.apache.tomcat.util.digester.SetPropertiesRule.begin Match [Context/Manager] failed to set property [distributable] to [false]
28-Dec-2021 14:01:26.218 INFO [main] org.apache.catalina.startup.HostConfig.deployDirectory Deployment of web application directory [/home/user/untitled140/deploy/tomcat/webapps/app-core] has finished in [27 469] ms
28-Dec-2021 14:01:26.219 INFO [main] org.apache.catalina.startup.HostConfig.deployDirectory Установка веб приложения в папку [/home/user/untitled140/deploy/tomcat/webapps/app]
28-Dec-2021 14:01:26.222 WARNING [main] org.apache.tomcat.util.digester.SetPropertiesRule.begin Match [Context/Manager] failed to set property [debug] to [0]
28-Dec-2021 14:01:26.222 WARNING [main] org.apache.tomcat.util.digester.SetPropertiesRule.begin Match [Context/Manager] failed to set property [distributable] to [false]
28-Dec-2021 14:01:41.059 INFO [main] org.apache.catalina.startup.HostConfig.deployDirectory Deployment of web application directory [/home/user/untitled140/deploy/tomcat/webapps/app] has finished in [14 840] ms
28-Dec-2021 14:01:41.060 INFO [main] org.apache.catalina.startup.HostConfig.deployDirectory Установка веб приложения в папку [/home/user/untitled140/deploy/tomcat/webapps/ROOT]
28-Dec-2021 14:01:41.285 INFO [main] org.apache.catalina.startup.HostConfig.deployDirectory Deployment of web application directory [/home/user/untitled140/deploy/tomcat/webapps/ROOT] has finished in [225] ms
28-Dec-2021 14:01:41.286 INFO [main] org.apache.catalina.startup.HostConfig.deployDirectory Установка веб приложения в папку [/home/user/untitled140/deploy/tomcat/webapps/app-mobile-rest]
28-Dec-2021 14:01:44.602 INFO [main] org.apache.catalina.startup.HostConfig.deployDirectory Deployment of web application directory [/home/user/untitled140/deploy/tomcat/webapps/app-mobile-rest] has finished in [3 316] ms
28-Dec-2021 14:01:44.606 INFO [main] org.apache.coyote.AbstractProtocol.start Starting ProtocolHandler ["http-nio-8080"]
28-Dec-2021 14:01:44.647 INFO [main] org.apache.catalina.startup.Catalina.start Server startup in [61967] milliseconds
