29-Dec-2021 09:45:00.059 INFO [main] org.apache.catalina.core.AprLifecycleListener.lifecycleEvent The Apache Tomcat Native library which allows using OpenSSL was not found on the java.library.path: [/usr/java/packages/lib/amd64:/usr/lib64:/lib64:/lib:/usr/lib]
29-Dec-2021 09:45:02.872 INFO [main] org.apache.coyote.AbstractProtocol.init Initializing ProtocolHandler ["http-nio-8080"]
29-Dec-2021 09:45:02.934 INFO [main] org.apache.catalina.startup.Catalina.load Server initialization in [3162] milliseconds
29-Dec-2021 09:45:03.115 INFO [main] org.apache.catalina.core.StandardService.startInternal Starting service [Catalina]
29-Dec-2021 09:45:03.117 INFO [main] org.apache.catalina.core.StandardEngine.startInternal Starting Servlet engine: [Apache Tomcat/9.0.40]
29-Dec-2021 09:45:03.144 INFO [main] org.apache.catalina.startup.HostConfig.deployDirectory Установка веб приложения в папку [/home/user/untitled140/deploy/tomcat/webapps/app-portal]
29-Dec-2021 09:45:03.221 WARNING [main] org.apache.tomcat.util.digester.SetPropertiesRule.begin Match [Context/Manager] failed to set property [debug] to [0]
29-Dec-2021 09:45:03.222 WARNING [main] org.apache.tomcat.util.digester.SetPropertiesRule.begin Match [Context/Manager] failed to set property [distributable] to [false]
29-Dec-2021 09:45:16.519 INFO [main] org.apache.catalina.startup.HostConfig.deployDirectory Deployment of web application directory [/home/user/untitled140/deploy/tomcat/webapps/app-portal] has finished in [13 375] ms
29-Dec-2021 09:45:16.520 INFO [main] org.apache.catalina.startup.HostConfig.deployDirectory Установка веб приложения в папку [/home/user/untitled140/deploy/tomcat/webapps/app-core]
29-Dec-2021 09:45:16.531 WARNING [main] org.apache.tomcat.util.digester.SetPropertiesRule.begin Match [Context/Manager] failed to set property [debug] to [0]
29-Dec-2021 09:45:16.532 WARNING [main] org.apache.tomcat.util.digester.SetPropertiesRule.begin Match [Context/Manager] failed to set property [distributable] to [false]
29-Dec-2021 09:45:40.928 INFO [main] org.apache.catalina.startup.HostConfig.deployDirectory Deployment of web application directory [/home/user/untitled140/deploy/tomcat/webapps/app-core] has finished in [24 408] ms
29-Dec-2021 09:45:40.929 INFO [main] org.apache.catalina.startup.HostConfig.deployDirectory Установка веб приложения в папку [/home/user/untitled140/deploy/tomcat/webapps/app]
29-Dec-2021 09:45:40.959 WARNING [main] org.apache.tomcat.util.digester.SetPropertiesRule.begin Match [Context/Manager] failed to set property [debug] to [0]
29-Dec-2021 09:45:40.960 WARNING [main] org.apache.tomcat.util.digester.SetPropertiesRule.begin Match [Context/Manager] failed to set property [distributable] to [false]
29-Dec-2021 09:45:52.605 INFO [main] org.apache.catalina.startup.HostConfig.deployDirectory Deployment of web application directory [/home/user/untitled140/deploy/tomcat/webapps/app] has finished in [11 676] ms
29-Dec-2021 09:45:52.605 INFO [main] org.apache.catalina.startup.HostConfig.deployDirectory Установка веб приложения в папку [/home/user/untitled140/deploy/tomcat/webapps/ROOT]
29-Dec-2021 09:45:52.657 INFO [main] org.apache.catalina.startup.HostConfig.deployDirectory Deployment of web application directory [/home/user/untitled140/deploy/tomcat/webapps/ROOT] has finished in [52] ms
29-Dec-2021 09:45:52.657 INFO [main] org.apache.catalina.startup.HostConfig.deployDirectory Установка веб приложения в папку [/home/user/untitled140/deploy/tomcat/webapps/app-mobile-rest]
29-Dec-2021 09:45:55.483 INFO [main] org.apache.catalina.startup.HostConfig.deployDirectory Deployment of web application directory [/home/user/untitled140/deploy/tomcat/webapps/app-mobile-rest] has finished in [2 825] ms
29-Dec-2021 09:45:55.547 INFO [main] org.apache.coyote.AbstractProtocol.start Starting ProtocolHandler ["http-nio-8080"]
29-Dec-2021 09:45:55.619 INFO [main] org.apache.catalina.startup.Catalina.start Server startup in [52683] milliseconds
29-Dec-2021 10:04:54.141 INFO [main] org.apache.catalina.core.AprLifecycleListener.lifecycleEvent The Apache Tomcat Native library which allows using OpenSSL was not found on the java.library.path: [/usr/java/packages/lib/amd64:/usr/lib64:/lib64:/lib:/usr/lib]
29-Dec-2021 10:04:56.505 INFO [main] org.apache.coyote.AbstractProtocol.init Initializing ProtocolHandler ["http-nio-8080"]
29-Dec-2021 10:04:56.584 INFO [main] org.apache.catalina.startup.Catalina.load Server initialization in [2910] milliseconds
29-Dec-2021 10:04:56.673 INFO [main] org.apache.catalina.core.StandardService.startInternal Starting service [Catalina]
29-Dec-2021 10:04:56.674 INFO [main] org.apache.catalina.core.StandardEngine.startInternal Starting Servlet engine: [Apache Tomcat/9.0.40]
29-Dec-2021 10:04:56.693 INFO [main] org.apache.catalina.startup.HostConfig.deployDirectory Установка веб приложения в папку [/home/user/untitled140/deploy/tomcat/webapps/app-portal]
29-Dec-2021 10:04:56.759 WARNING [main] org.apache.tomcat.util.digester.SetPropertiesRule.begin Match [Context/Manager] failed to set property [debug] to [0]
29-Dec-2021 10:04:56.759 WARNING [main] org.apache.tomcat.util.digester.SetPropertiesRule.begin Match [Context/Manager] failed to set property [distributable] to [false]
29-Dec-2021 10:05:10.121 INFO [main] org.apache.catalina.startup.HostConfig.deployDirectory Deployment of web application directory [/home/user/untitled140/deploy/tomcat/webapps/app-portal] has finished in [13 409] ms
29-Dec-2021 10:05:10.121 INFO [main] org.apache.catalina.startup.HostConfig.deployDirectory Установка веб приложения в папку [/home/user/untitled140/deploy/tomcat/webapps/app-core]
29-Dec-2021 10:05:10.144 WARNING [main] org.apache.tomcat.util.digester.SetPropertiesRule.begin Match [Context/Manager] failed to set property [debug] to [0]
29-Dec-2021 10:05:10.145 WARNING [main] org.apache.tomcat.util.digester.SetPropertiesRule.begin Match [Context/Manager] failed to set property [distributable] to [false]
29-Dec-2021 10:05:33.296 INFO [main] org.apache.catalina.startup.HostConfig.deployDirectory Deployment of web application directory [/home/user/untitled140/deploy/tomcat/webapps/app-core] has finished in [23 174] ms
29-Dec-2021 10:05:33.313 INFO [main] org.apache.catalina.startup.HostConfig.deployDirectory Установка веб приложения в папку [/home/user/untitled140/deploy/tomcat/webapps/app]
29-Dec-2021 10:05:33.380 WARNING [main] org.apache.tomcat.util.digester.SetPropertiesRule.begin Match [Context/Manager] failed to set property [debug] to [0]
29-Dec-2021 10:05:33.380 WARNING [main] org.apache.tomcat.util.digester.SetPropertiesRule.begin Match [Context/Manager] failed to set property [distributable] to [false]
29-Dec-2021 10:05:45.935 INFO [main] org.apache.catalina.startup.HostConfig.deployDirectory Deployment of web application directory [/home/user/untitled140/deploy/tomcat/webapps/app] has finished in [12 621] ms
29-Dec-2021 10:05:45.935 INFO [main] org.apache.catalina.startup.HostConfig.deployDirectory Установка веб приложения в папку [/home/user/untitled140/deploy/tomcat/webapps/ROOT]
29-Dec-2021 10:05:46.035 INFO [main] org.apache.catalina.startup.HostConfig.deployDirectory Deployment of web application directory [/home/user/untitled140/deploy/tomcat/webapps/ROOT] has finished in [99] ms
29-Dec-2021 10:05:46.035 INFO [main] org.apache.catalina.startup.HostConfig.deployDirectory Установка веб приложения в папку [/home/user/untitled140/deploy/tomcat/webapps/app-mobile-rest]
29-Dec-2021 10:05:49.343 INFO [main] org.apache.catalina.startup.HostConfig.deployDirectory Deployment of web application directory [/home/user/untitled140/deploy/tomcat/webapps/app-mobile-rest] has finished in [3 308] ms
29-Dec-2021 10:05:49.381 INFO [main] org.apache.coyote.AbstractProtocol.start Starting ProtocolHandler ["http-nio-8080"]
29-Dec-2021 10:05:49.613 INFO [main] org.apache.catalina.startup.Catalina.start Server startup in [53028] milliseconds
