Performance Statistics   2021-12-28 11:04:00 - 2021-12-28 11:05:00
Tag                                                  Avg(ms)         Min         Max     Std Dev       Count
Messages.searchClasspath                                 0,3           0          21         1,9         144
Messages.searchFiles                                     0,1           0          19         1,6         144
Metadata.replaceExtendedMetaClasses                      3,0           3           3         0,0           1

Performance Statistics   2021-12-28 11:05:00 - 2021-12-28 11:06:00
Tag                                                  Avg(ms)         Min         Max     Std Dev       Count
LoadClass                                                0,6           0           3         0,8          18
Messages.searchClasspath                                 0,1           0          12         0,7         516
Messages.searchFiles                                     0,0           0           0         0,0         516
Metadata.replaceExtendedMetaClasses                      2,3           2           3         0,5           3
Scheduling.processTasks                                132,5          28         652       110,7          45
ViewRepository.init.ExtViewRepositoryImpl              101,0         101         101         0,0           1
ViewRepository.replaceOverridden                         0,1           0           1         0,3          21
WebJARs                                                 13,0          13          13         0,0           1

Performance Statistics   2021-12-28 11:06:00 - 2021-12-28 11:07:00
Tag                                                  Avg(ms)         Min         Max     Std Dev       Count
AppFolders                                            6157,0        6157        6157         0,0           1
LoadClass                                                0,1           0          48         1,0        3171
Messages.searchClasspath                                 0,1           0         370         3,8       14027
Messages.searchFiles                                     0,0           0           8         0,1       14027
Messages.searchRemotely                                  1,3           0         369        13,8         873
Scheduling.processTasks                                208,0          13        1060       201,5          60
SearchFolders                                          124,0         124         124         0,0           1
Thesis:loadCalendarEvents                               17,0          17          17         0,0           1
Thesis:loadCardDeadlineInfoTree                         39,0          39          39         0,0           1
ViewRepository.init.ViewRepositoryClientImpl           138,0         138         138         0,0           1
ViewRepository.replaceOverridden                         0,1           0           1         0,3          21

Performance Statistics   2021-12-28 11:07:00 - 2021-12-28 11:08:00
Tag                                                  Avg(ms)         Min         Max     Std Dev       Count
Scheduling.processTasks                                 64,9          18         339        59,2          60

Performance Statistics   2021-12-28 11:08:00 - 2021-12-28 11:09:00
Tag                                                  Avg(ms)         Min         Max     Std Dev       Count
Scheduling.processTasks                                 39,1          10         295        40,5          60

Performance Statistics   2021-12-28 11:09:00 - 2021-12-28 11:10:00
Tag                                                  Avg(ms)         Min         Max     Std Dev       Count
AppFolders                                              27,0          27          27         0,0           1
Scheduling.processTasks                                 39,7          10         402        55,3          60
Thesis:loadCardDeadlineInfoTree                         21,0          21          21         0,0           1

Performance Statistics   2021-12-28 11:10:00 - 2021-12-28 11:11:00
Tag                                                  Avg(ms)         Min         Max     Std Dev       Count
LoadClass                                                5,5           0          19         7,6           6
Messages.searchClasspath                                 0,0           0          60         0,8       31621
Messages.searchFiles                                     0,0           0          34         0,2       31621
Messages.searchRemotely                                  0,8           0          63         3,1        1965
Scheduling.processTasks                                 41,9          13         297        45,3          60

Performance Statistics   2021-12-28 11:11:00 - 2021-12-28 11:12:00
Tag                                                  Avg(ms)         Min         Max     Std Dev       Count
LoadClass                                                2,0           0          10         3,7           6
Messages.searchClasspath                                 0,0           0           4         0,1        2156
Messages.searchFiles                                     0,0           0           0         0,0        2156
Messages.searchRemotely                                  0,2           0           7         0,8         134
Scheduling.processTasks                                 55,8           9         444        65,5          60

Performance Statistics   2021-12-28 11:12:00 - 2021-12-28 11:13:00
Tag                                                  Avg(ms)         Min         Max     Std Dev       Count
Scheduling.processTasks                                102,5          16         555       102,2          60

Performance Statistics   2021-12-28 11:13:00 - 2021-12-28 11:14:00
Tag                                                  Avg(ms)         Min         Max     Std Dev       Count
AppFolders                                             920,0         920         920         0,0           1
Scheduling.processTasks                                 57,4          10         588        89,8          60

Performance Statistics   2021-12-28 11:14:00 - 2021-12-28 11:15:00
Tag                                                  Avg(ms)         Min         Max     Std Dev       Count
Scheduling.processTasks                                 43,2           6         147        31,4          60

Performance Statistics   2021-12-28 11:15:00 - 2021-12-28 11:16:00
Tag                                                  Avg(ms)         Min         Max     Std Dev       Count
Scheduling.processTasks                                 41,5          12         158        28,1          60

Performance Statistics   2021-12-28 11:16:00 - 2021-12-28 11:17:00
Tag                                                  Avg(ms)         Min         Max     Std Dev       Count
AppFolders                                             387,0          13         761       374,0           2
LoadClass                                               14,8           0         226        42,2          31
Messages.searchClasspath                                 0,0           0         186         0,8       70830
Messages.searchFiles                                     0,0           0          28         0,1       70829
Messages.searchRemotely                                  0,3           0         188         3,2        4380
Scheduling.processTasks                                 56,0          12         215        47,2          60

Performance Statistics   2021-12-28 11:17:00 - 2021-12-28 11:18:00
Tag                                                  Avg(ms)         Min         Max     Std Dev       Count
LoadClass                                                0,0           0           0         0,0           5
Scheduling.processTasks                                 33,7           9         232        33,0          60

Performance Statistics   2021-12-28 11:18:00 - 2021-12-28 11:19:00
Tag                                                  Avg(ms)         Min         Max     Std Dev       Count
Scheduling.processTasks                                 38,5          14          91        19,6          60

Performance Statistics   2021-12-28 11:19:00 - 2021-12-28 11:20:00
Tag                                                  Avg(ms)         Min         Max     Std Dev       Count
AppFolders                                              18,0          18          18         0,0           1
Scheduling.processTasks                                 80,3           7         368        76,9          60

Performance Statistics   2021-12-28 11:20:00 - 2021-12-28 11:21:00
Tag                                                  Avg(ms)         Min         Max     Std Dev       Count
Scheduling.processTasks                                 59,8           4         641        92,3          60

Performance Statistics   2021-12-28 11:21:00 - 2021-12-28 11:22:00
Tag                                                  Avg(ms)         Min         Max     Std Dev       Count
Scheduling.processTasks                                 36,0           9          93        22,0          60

Performance Statistics   2021-12-28 11:22:00 - 2021-12-28 11:23:00
Tag                                                  Avg(ms)         Min         Max     Std Dev       Count
AppFolders                                             119,0         119         119         0,0           1
Scheduling.processTasks                                 37,5           6         172        29,2          60

Performance Statistics   2021-12-28 11:23:00 - 2021-12-28 11:24:00
Tag                                                  Avg(ms)         Min         Max     Std Dev       Count
Scheduling.processTasks                                 70,7          11         430        78,8          60

Performance Statistics   2021-12-28 11:24:00 - 2021-12-28 11:25:00
Tag                                                  Avg(ms)         Min         Max     Std Dev       Count
Scheduling.processTasks                                 43,4           6         252        38,9          60

Performance Statistics   2021-12-28 11:25:00 - 2021-12-28 11:26:00
Tag                                                  Avg(ms)         Min         Max     Std Dev       Count
AppFolders                                              63,0          63          63         0,0           1
LoadClass                                                5,8           0          60        16,1          13
Messages.searchClasspath                                 0,0           0          39         0,6        4646
Messages.searchFiles                                     0,0           0           0         0,0        4646
Messages.searchRemotely                                  0,3           0          41         2,5         289
Scheduling.processTasks                                 47,8           9         370        60,1          60

Performance Statistics   2021-12-28 11:26:00 - 2021-12-28 11:27:00
Tag                                                  Avg(ms)         Min         Max     Std Dev       Count
Scheduling.processTasks                                 46,2           5         506        78,5          60

Performance Statistics   2021-12-28 11:28:00 - 2021-12-28 11:29:00
Tag                                                  Avg(ms)         Min         Max     Std Dev       Count
Messages.searchClasspath                                 0,3           0          24         1,9         297
Messages.searchFiles                                     0,6           0         162         9,4         297
Metadata.replaceExtendedMetaClasses                      5,5           3           8         2,5           2
Scheduling.processTasks                                 70,2          32         134        33,9          10
ViewRepository.init.ExtViewRepositoryImpl              124,0         124         124         0,0           1
ViewRepository.replaceOverridden                         0,0           0           0         0,0          21

Performance Statistics   2021-12-28 11:29:00 - 2021-12-28 11:30:00
Tag                                                  Avg(ms)         Min         Max     Std Dev       Count
LoadClass                                                4,1           0          76        16,2          21
Messages.searchClasspath                                 0,2           0         260         4,4        9830
Messages.searchFiles                                     0,0           0           2         0,0        9830
Messages.searchRemotely                                  2,9           0         600        28,0         583
Metadata.replaceExtendedMetaClasses                      2,0           2           2         0,0           2
Scheduling.processTasks                                155,3          25         857       132,1          60
Thesis:loadCalendarEvents                              120,0         120         120         0,0           1
Thesis:loadCardDeadlineInfoTree                         25,0          25          25         0,0           1
WebJARs                                                 20,0          20          20         0,0           1

Performance Statistics   2021-12-28 11:30:00 - 2021-12-28 11:31:00
Tag                                                  Avg(ms)         Min         Max     Std Dev       Count
AppFolders                                            5549,0          59       11039      5490,0           2
LoadClass                                                0,2           0          66         1,7        3204
Messages.searchClasspath                                 0,0           0         417         1,9      106073
Messages.searchFiles                                     0,0           0          30         0,2      106073
Messages.searchRemotely                                  0,3           0          97         2,0        6581
Scheduling.processTasks                                 60,8          13         341        62,4          60
SearchFolders                                          140,0         140         140         0,0           1
ViewRepository.init.ViewRepositoryClientImpl           366,0         366         366         0,0           1
ViewRepository.replaceOverridden                         0,0           0           0         0,0          21

Performance Statistics   2021-12-28 11:31:00 - 2021-12-28 11:32:00
Tag                                                  Avg(ms)         Min         Max     Std Dev       Count
LoadClass                                                0,0           0           0         0,0           5
Scheduling.processTasks                                 42,0           7         113        25,0          60

Performance Statistics   2021-12-28 11:32:00 - 2021-12-28 11:33:00
Tag                                                  Avg(ms)         Min         Max     Std Dev       Count
Scheduling.processTasks                                 44,0          11         221        35,5          60

Performance Statistics   2021-12-28 11:33:00 - 2021-12-28 11:34:00
Tag                                                  Avg(ms)         Min         Max     Std Dev       Count
AppFolders                                              76,0          76          76         0,0           1
Scheduling.processTasks                                 37,1           6         114        25,2          60

Performance Statistics   2021-12-28 11:34:00 - 2021-12-28 11:35:00
Tag                                                  Avg(ms)         Min         Max     Std Dev       Count
Scheduling.processTasks                                 39,2          11         121        25,4          60

Performance Statistics   2021-12-28 11:35:00 - 2021-12-28 11:36:00
Tag                                                  Avg(ms)         Min         Max     Std Dev       Count
Scheduling.processTasks                                 41,3           7         229        32,4          60

Performance Statistics   2021-12-28 11:36:00 - 2021-12-28 11:37:00
Tag                                                  Avg(ms)         Min         Max     Std Dev       Count
AppFolders                                              14,0          14          14         0,0           1
Scheduling.processTasks                                 41,3          10         168        29,7          60

Performance Statistics   2021-12-28 11:37:00 - 2021-12-28 11:38:00
Tag                                                  Avg(ms)         Min         Max     Std Dev       Count
Scheduling.processTasks                                 35,6           6         107        24,1          60

Performance Statistics   2021-12-28 11:38:00 - 2021-12-28 11:39:00
Tag                                                  Avg(ms)         Min         Max     Std Dev       Count
Scheduling.processTasks                                 48,0          12         336        45,8          60

Performance Statistics   2021-12-28 11:39:00 - 2021-12-28 11:40:00
Tag                                                  Avg(ms)         Min         Max     Std Dev       Count
AppFolders                                              85,0          85          85         0,0           1
Scheduling.processTasks                                 50,2           7         315        47,8          60

Performance Statistics   2021-12-28 11:40:00 - 2021-12-28 11:41:00
Tag                                                  Avg(ms)         Min         Max     Std Dev       Count
Scheduling.processTasks                                 55,6          10         485        80,5          60

Performance Statistics   2021-12-28 11:41:00 - 2021-12-28 11:42:00
Tag                                                  Avg(ms)         Min         Max     Std Dev       Count
Scheduling.processTasks                                 28,9           6          88        17,0          60

