Performance Statistics   2021-12-24 10:28:00 - 2021-12-24 10:30:00
Tag                                                  Avg(ms)         Min         Max     Std Dev       Count
CardDeadlineDatasource#loadTree                         49,0          49          49         0,0           1
TDS null                                               128,0         128         128         0,0           1
loginWindow#afterShow                                    0,0           0           0         0,0           1
loginWindow#beforeShow                                   2,0           2           2         0,0           1
loginWindow#create                                     201,0         201         201         0,0           1
loginWindow#init                                        55,0          55          55         0,0           1
loginWindow#inject                                      78,0          78          78         0,0           1
loginWindow#load                                       607,0         607         607         0,0           1
loginWindow#uiPermissions                                1,0           1           1         0,0           1
loginWindow#xml                                         12,0           0          24        12,0           2
mainWindow#afterShow                                     7,0           7           7         0,0           1
mainWindow#beforeShow                                    0,0           0           0         0,0           1
mainWindow#create                                       43,0          43          43         0,0           1
mainWindow#init                                        370,0         370         370         0,0           1
mainWindow#inject                                       14,0          14          14         0,0           1
mainWindow#load                                       1649,0        1649        1649         0,0           1
mainWindow#uiPermissions                                 0,0           0           0         0,0           1
mainWindow#xml                                           7,5           0          15         7,5           2
mainWindow.voiceControlConsole#init                      0,0           0           0         0,0           1
mainWindow.voiceControlConsole#inject                    4,0           4           4         0,0           1
mainWindow.voiceControlConsole#load                     37,0          37          37         0,0           1
voiceControlConsole#create                              62,0          62          62         0,0           1
voiceControlConsole#xml                                  1,0           1           1         0,0           1

Performance Statistics   2021-12-24 10:50:00 - 2021-12-24 10:52:00
Tag                                                  Avg(ms)         Min         Max     Std Dev       Count
loginWindow#afterShow                                    0,0           0           0         0,0           1
loginWindow#beforeShow                                   2,0           2           2         0,0           1
loginWindow#create                                     110,0         110         110         0,0           1
loginWindow#init                                        29,0          29          29         0,0           1
loginWindow#inject                                      64,0          64          64         0,0           1
loginWindow#load                                       496,0         496         496         0,0           1
loginWindow#uiPermissions                                1,0           1           1         0,0           1
loginWindow#xml                                          6,5           0          13         6,5           2

Performance Statistics   2021-12-24 10:58:00 - 2021-12-24 11:00:00
Tag                                                  Avg(ms)         Min         Max     Std Dev       Count
CardDeadlineDatasource#loadTree                         49,0          49          49         0,0           1
MenuItem.untitled140$Request.lookup                   4843,0        4843        4843         0,0           1
TDS null                                               108,0         108         108         0,0           1
actionsFrame#create                                      1,0           0           2         1,0           2
actionsFrame#xml                                         0,3           0           1         0,4           4
cardAttachmentsFrame#create                             27,5           3          52        24,5           2
cardAttachmentsFrame#xml                                 3,5           0          14         6,1           4
cardCommentFrame#create                                 61,0          61          61         0,0           1
cardCommentFrame#xml                                     0,5           0           1         0,5           2
cardCommentTextAreaFrame#create                         44,0          44          44         0,0           1
cardCommentTextAreaFrame#xml                             0,0           0           0         0,0           2
cardProcFrame#create                                    28,0          28          28         0,0           1
cardProcFrame#xml                                        0,5           0           1         0,5           2
cardProjectsFrame#create                                 1,0           1           1         0,0           1
cardProjectsFrame#xml                                    0,5           0           1         0,5           2
cardRelationsFrame#create                                2,0           2           2         0,0           1
cardRelationsFrame#xml                                   0,5           0           1         0,5           2
cardRolesFrame#create                                    5,0           5           5         0,0           1
cardRolesFrame#xml                                       1,0           0           2         1,0           2
cardTreeFrame#create                                     1,7           1           2         0,5           3
cardTreeFrame#xml                                        0,2           0           1         0,4           6
loginWindow#afterShow                                    0,0           0           0         0,0           1
loginWindow#beforeShow                                   2,0           2           2         0,0           1
loginWindow#create                                     104,0         104         104         0,0           1
loginWindow#init                                        37,0          37          37         0,0           1
loginWindow#inject                                     126,0         126         126         0,0           1
loginWindow#load                                       718,0         718         718         0,0           1
loginWindow#uiPermissions                                1,0           1           1         0,0           1
loginWindow#xml                                          4,5           0           9         4,5           2
lookupWindowActions#create                               0,0           0           0         0,0           1
lookupWindowActions#inject                               7,0           7           7         0,0           1
lookupWindowActions#load                                 3,0           3           3         0,0           1
lookupWindowActions#xml                                  0,5           0           1         0,5           2
mainWindow#afterShow                                     3,0           3           3         0,0           1
mainWindow#beforeShow                                    0,0           0           0         0,0           1
mainWindow#create                                       11,0          11          11         0,0           1
mainWindow#init                                        318,0         318         318         0,0           1
mainWindow#inject                                       21,0          21          21         0,0           1
mainWindow#load                                       2154,0        2154        2154         0,0           1
mainWindow#uiPermissions                                 0,0           0           0         0,0           1
mainWindow#xml                                           6,0           0          12         6,0           2
mainWindow.voiceControlConsole#init                      0,0           0           0         0,0           1
mainWindow.voiceControlConsole#inject                    6,0           6           6         0,0           1
mainWindow.voiceControlConsole#load                     64,0          64          64         0,0           1
openHistoryFrame#create                                  1,0           1           1         0,0           1
openHistoryFrame#xml                                     0,5           0           1         0,5           2
resolutionsFrame#create                                 25,5           0          51        25,5           2
resolutionsFrame#xml                                    15,5           0          62        26,8           4
runtimePropertiesFrame#xml                               0,3           0           1         0,4           4
runtimePropertiesFrameMain#xml                           6,5           0          13         6,5           2
runtimePropertiesFrameTab#xml                            0,0           0           0         0,0           2
startProcessButtonsFrame#create                          1,0           1           1         0,0           1
startProcessButtonsFrame#xml                             0,5           0           1         0,5           2
taskCardRolesFrame#create                               42,0          42          42         0,0           1
taskCardRolesFrame#xml                                   3,0           0           6         3,0           2
taskResolutionsFrame#create                              0,0           0           0         0,0           1
taskResolutionsFrame#xml                                 0,0           0           0         0,0           2
tm$Task.edit#companion                                   0,0           0           0         0,0           1
tm$Task.edit#create                                      6,0           6           6         0,0           1
tm$Task.edit#init                                       52,0          52          52         0,0           1
tm$Task.edit#inject                                     21,0          21          21         0,0           1
tm$Task.edit#load                                      824,0         824         824         0,0           1
tm$Task.edit#xml                                         3,0           0          15         6,0           5
tm$Task.edit.actionsFrame#init                           0,0           0           0         0,0           1
tm$Task.edit.actionsFrame#inject                         0,0           0           0         0,0           1
tm$Task.edit.actionsFrame#load                           0,0           0           0         0,0           1
tm$Task.edit.cardAttachmentsFrame#init                  13,0          13          13         0,0           1
tm$Task.edit.cardAttachmentsFrame#inject                 0,0           0           0         0,0           1
tm$Task.edit.cardAttachmentsFrame#load                   3,0           3           3         0,0           1
tm$Task.edit.cardCommentFrame#init                      58,0          58          58         0,0           1
tm$Task.edit.cardCommentFrame#inject                     7,0           7           7         0,0           1
tm$Task.edit.cardCommentFrame#load                      20,0          20          20         0,0           1
tm$Task.edit.cardCommentFrame.cardCommentTextAreaFrame#init        22,0          22          22         0,0           1
tm$Task.edit.cardCommentFrame.cardCommentTextAreaFrame#inject         5,0           5           5         0,0           1
tm$Task.edit.cardCommentFrame.cardCommentTextAreaFrame#load         9,0           9           9         0,0           1
tm$Task.edit.cardCommentFrame@commentDs                 24,0          24          24         0,0           1
tm$Task.edit.cardProjectsFrame#init                     17,0          17          17         0,0           1
tm$Task.edit.cardProjectsFrame#inject                    3,0           3           3         0,0           1
tm$Task.edit.cardProjectsFrame#load                      7,0           7           7         0,0           1
tm$Task.edit.cardRelationsFrame#init                     0,0           0           0         0,0           1
tm$Task.edit.cardRelationsFrame#inject                   3,0           3           3         0,0           1
tm$Task.edit.cardRelationsFrame#load                     0,0           0           0         0,0           1
tm$Task.edit.cardRolesFrame#init                         0,0           0           0         0,0           1
tm$Task.edit.cardRolesFrame#inject                       5,0           5           5         0,0           1
tm$Task.edit.cardRolesFrame#load                         9,0           9           9         0,0           1
tm$Task.edit.cardRolesFrame@procRolesDs                 39,0          30          48         9,0           2
tm$Task.edit.cardTreeFrame#init                          0,0           0           0         0,0           1
tm$Task.edit.cardTreeFrame#inject                        0,0           0           0         0,0           1
tm$Task.edit.cardTreeFrame#load                          2,0           2           2         0,0           1
tm$Task.edit.openHistoryFrame#init                       0,0           0           0         0,0           1
tm$Task.edit.openHistoryFrame#inject                     2,0           2           2         0,0           1
tm$Task.edit.openHistoryFrame#load                      17,0          17          17         0,0           1
tm$Task.edit.resolutionsFrame#init                       0,0           0           0         0,0           1
tm$Task.edit.resolutionsFrame#inject                     0,0           0           0         0,0           1
tm$Task.edit.resolutionsFrame#load                       2,0           2           2         0,0           1
tm$Task.edit.resolutionsFrame@resolutionsDs             32,0          32          32         0,0           1
tm$Task.edit.runtimePropertiesFrameMain#init            18,0          18          18         0,0           1
tm$Task.edit.runtimePropertiesFrameMain#inject           4,0           4           4         0,0           1
tm$Task.edit.runtimePropertiesFrameMain#load             6,0           6           6         0,0           1
tm$Task.edit.runtimePropertiesFrameTab#init              0,0           0           0         0,0           1
tm$Task.edit.runtimePropertiesFrameTab#inject            0,0           0           0         0,0           1
tm$Task.edit.runtimePropertiesFrameTab#load              0,0           0           0         0,0           1
tm$Task.edit@attachmentsDs                              20,0          20          20         0,0           1
tm$Task.edit@cardRelationsDs                            67,0          67          67         0,0           1
tm$Task.edit@prioritiesDs                                9,0           9           9         0,0           1
tm$Task.edit@taskGroupsDs                               17,0          17          17         0,0           1
tm$Task.edit@taskTypesDs                                13,0          13          13         0,0           1
ts$DocTypeSelect#afterShow                               0,0           0           0         0,0           1
ts$DocTypeSelect#beforeShow                              0,0           0           0         0,0           1
ts$DocTypeSelect#create                                 17,0          17          17         0,0           1
ts$DocTypeSelect#init                                  140,0         140         140         0,0           1
ts$DocTypeSelect#inject                                  8,0           8           8         0,0           1
ts$DocTypeSelect#load                                    9,0           9           9         0,0           1
ts$DocTypeSelect#uiPermissions                           0,0           0           0         0,0           1
ts$DocTypeSelect#xml                                     6,9           0          48        16,8           7
untitled140$Request.edit#afterShow                       0,0           0           0         0,0           1
untitled140$Request.edit#beforeShow                      3,0           3           3         0,0           1
untitled140$Request.edit#companion                       3,0           3           3         0,0           1
untitled140$Request.edit#create                          4,0           4           4         0,0           1
untitled140$Request.edit#init                           50,0          50          50         0,0           1
untitled140$Request.edit#inject                         31,0          31          31         0,0           1
untitled140$Request.edit#load                          464,0         464         464         0,0           1
untitled140$Request.edit#uiPermissions                   0,0           0           0         0,0           1
untitled140$Request.edit#xml                             0,4           0           2         0,8           5
untitled140$Request.edit.actionsFrame#init               0,0           0           0         0,0           1
untitled140$Request.edit.actionsFrame#inject             4,0           4           4         0,0           1
untitled140$Request.edit.actionsFrame#load               0,0           0           0         0,0           1
untitled140$Request.edit.cardAttachmentsFrame#init       219,0         219         219         0,0           1
untitled140$Request.edit.cardAttachmentsFrame#inject        15,0          15          15         0,0           1
untitled140$Request.edit.cardAttachmentsFrame#load       123,0         123         123         0,0           1
untitled140$Request.edit.cardProcFrame#init              7,0           7           7         0,0           1
untitled140$Request.edit.cardProcFrame#inject            6,0           6           6         0,0           1
untitled140$Request.edit.cardProcFrame#load            100,0         100         100         0,0           1
untitled140$Request.edit.cardProcFrame.cardRolesFrame#init         0,0           0           0         0,0           1
untitled140$Request.edit.cardProcFrame.cardRolesFrame#inject         9,0           9           9         0,0           1
untitled140$Request.edit.cardProcFrame.cardRolesFrame#load        48,0          48          48         0,0           1
untitled140$Request.edit.cardProcFrame@procDs           37,0          37          37         0,0           1
untitled140$Request.edit.cardTreeFrame#init              0,0           0           0         0,0           1
untitled140$Request.edit.cardTreeFrame#inject            0,0           0           0         0,0           1
untitled140$Request.edit.cardTreeFrame#load              2,0           2           2         0,0           1
untitled140$Request.edit.cardTreeFrame@cardTreeDs         1,0           1           1         0,0           1
untitled140$Request.edit.resolutionsFrame#init           0,0           0           0         0,0           1
untitled140$Request.edit.resolutionsFrame#inject         0,0           0           0         0,0           1
untitled140$Request.edit.resolutionsFrame#load           2,0           2           2         0,0           1
untitled140$Request.edit.resolutionsFrame@resolutionsDs        29,0          29          29         0,0           1
untitled140$Request.edit.startProcessButtonsFrame#init         0,0           0           0         0,0           1
untitled140$Request.edit.startProcessButtonsFrame#inject         4,0           4           4         0,0           1
untitled140$Request.edit.startProcessButtonsFrame#load         0,0           0           0         0,0           1
untitled140$Request.edit@attachmentsDs                  55,0          17          93        38,0           2
untitled140$Request.lookup#afterShow                     0,0           0           0         0,0           1
untitled140$Request.lookup#beforeShow                    0,0           0           0         0,0           1
untitled140$Request.lookup#create                       17,0          17          17         0,0           1
untitled140$Request.lookup#init                        156,0         156         156         0,0           1
untitled140$Request.lookup#inject                       31,0          31          31         0,0           1
untitled140$Request.lookup#load                       1351,0        1351        1351         0,0           1
untitled140$Request.lookup#uiPermissions                 0,0           0           0         0,0           1
untitled140$Request.lookup#xml                           5,0           0          10         5,0           2
untitled140$Request.lookup.cardTreeFrame#init            8,0           8           8         0,0           1
untitled140$Request.lookup.cardTreeFrame#inject          3,0           3           3         0,0           1
untitled140$Request.lookup.cardTreeFrame#load           71,0          71          71         0,0           1
untitled140$Request.lookup.cardTreeFrame@cardTreeDs         3,0           3           3         0,0           1
untitled140$Request.lookup.lookupWindowActions#init         0,0           0           0         0,0           1
untitled140$Request.lookup.resolutionsFrame#init        12,0          12          12         0,0           1
untitled140$Request.lookup.resolutionsFrame#inject         6,0           6           6         0,0           1
untitled140$Request.lookup.resolutionsFrame#load        73,0          73          73         0,0           1
untitled140$Request.lookup.resolutionsFrame@resolutionsDs       107,0         107         107         0,0           1
untitled140$Request.lookup@cardsDs                     189,0         189         189         0,0           1
voiceControlConsole#create                              73,0          73          73         0,0           1
voiceControlConsole#xml                                  2,0           2           2         0,0           1

Performance Statistics   2021-12-24 11:00:00 - 2021-12-24 11:02:00
Tag                                                  Avg(ms)         Min         Max     Std Dev       Count
tm$Task.edit#afterShow                                   0,0           0           0         0,0           1
tm$Task.edit#beforeShow                                  3,0           3           3         0,0           1
tm$Task.edit#uiPermissions                               0,0           0           0         0,0           1
tm$Task.edit.cardRolesFrame@procRolesDs                 34,0          34          34         0,0           1
tm$Task.edit.cardTreeFrame@cardTreeDs                    0,0           0           0         0,0           1
tm$Task.edit.openHistoryFrame@openHistoryDs             16,0          16          16         0,0           1
tm$Task.edit@categoriesDs                               16,0          16          16         0,0           1

Performance Statistics   2021-12-24 11:02:00 - 2021-12-24 11:04:00
Tag                                                  Avg(ms)         Min         Max     Std Dev       Count

Performance Statistics   2021-12-24 11:04:00 - 2021-12-24 11:06:00
Tag                                                  Avg(ms)         Min         Max     Std Dev       Count

Performance Statistics   2021-12-24 12:42:00 - 2021-12-24 12:44:00
Tag                                                  Avg(ms)         Min         Max     Std Dev       Count
CardDeadlineDatasource#loadTree                         43,0          43          43         0,0           1
TDS null                                               862,0         862         862         0,0           1
loginWindow#afterShow                                    0,0           0           0         0,0           1
loginWindow#beforeShow                                   2,0           2           2         0,0           1
loginWindow#create                                     199,0         199         199         0,0           1
loginWindow#init                                        39,0          39          39         0,0           1
loginWindow#inject                                     190,0         190         190         0,0           1
loginWindow#load                                       915,0         915         915         0,0           1
loginWindow#uiPermissions                                1,0           1           1         0,0           1
loginWindow#xml                                          6,0           0          12         6,0           2
mainWindow#afterShow                                     4,0           4           4         0,0           1
mainWindow#beforeShow                                    0,0           0           0         0,0           1
mainWindow#create                                       23,0          23          23         0,0           1
mainWindow#init                                       1885,0        1885        1885         0,0           1
mainWindow#inject                                       21,0          21          21         0,0           1
mainWindow#load                                       2249,0        2249        2249         0,0           1
mainWindow#uiPermissions                                 0,0           0           0         0,0           1
mainWindow#xml                                          19,5           0          39        19,5           2
mainWindow.voiceControlConsole#init                      0,0           0           0         0,0           1
mainWindow.voiceControlConsole#inject                    5,0           5           5         0,0           1
mainWindow.voiceControlConsole#load                     78,0          78          78         0,0           1
voiceControlConsole#create                              58,0          58          58         0,0           1
voiceControlConsole#xml                                  1,0           1           1         0,0           1

Performance Statistics   2021-12-24 13:36:00 - 2021-12-24 13:38:00
Tag                                                  Avg(ms)         Min         Max     Std Dev       Count

Performance Statistics   2021-12-24 13:38:00 - 2021-12-24 13:40:00
Tag                                                  Avg(ms)         Min         Max     Std Dev       Count
loginWindow#afterShow                                    0,0           0           0         0,0           1
loginWindow#beforeShow                                 100,0         100         100         0,0           1
loginWindow#create                                     821,0         821         821         0,0           1
loginWindow#init                                       180,0         180         180         0,0           1
loginWindow#inject                                     400,0         400         400         0,0           1
loginWindow#load                                      1744,0        1744        1744         0,0           1
loginWindow#uiPermissions                               25,0          25          25         0,0           1
loginWindow#xml                                         49,0           0          98        49,0           2

Performance Statistics   2021-12-24 13:50:00 - 2021-12-24 13:52:00
Tag                                                  Avg(ms)         Min         Max     Std Dev       Count
CardDeadlineDatasource#loadTree                         36,0          36          36         0,0           1
MenuItem.untitled140$Request.lookup                   5225,0        5225        5225         0,0           1
TDS null                                                87,0          87          87         0,0           1
actionsFrame#create                                      2,0           2           2         0,0           1
actionsFrame#xml                                         0,5           0           1         0,5           2
cardAttachmentsFrame#create                             62,0          62          62         0,0           1
cardAttachmentsFrame#xml                                 0,5           0           1         0,5           2
cardProcFrame#create                                    48,0          48          48         0,0           1
cardProcFrame#xml                                        0,5           0           1         0,5           2
cardRolesFrame#create                                    5,0           5           5         0,0           1
cardRolesFrame#xml                                       1,0           0           2         1,0           2
cardTreeFrame#create                                     1,0           1           1         0,0           2
cardTreeFrame#xml                                        0,3           0           1         0,4           4
loginWindow#afterShow                                    0,0           0           0         0,0           1
loginWindow#beforeShow                                   3,0           3           3         0,0           1
loginWindow#create                                     208,0         208         208         0,0           1
loginWindow#init                                        41,0          41          41         0,0           1
loginWindow#inject                                     280,0         280         280         0,0           1
loginWindow#load                                       744,0         744         744         0,0           1
loginWindow#uiPermissions                                1,0           1           1         0,0           1
loginWindow#xml                                         33,5           0          67        33,5           2
lookupWindowActions#create                               0,0           0           0         0,0           1
lookupWindowActions#inject                               3,0           3           3         0,0           1
lookupWindowActions#load                                 1,0           1           1         0,0           1
lookupWindowActions#xml                                  0,5           0           1         0,5           2
mainWindow#afterShow                                     3,0           3           3         0,0           1
mainWindow#beforeShow                                    0,0           0           0         0,0           1
mainWindow#create                                       15,0          15          15         0,0           1
mainWindow#init                                        306,0         306         306         0,0           1
mainWindow#inject                                       15,0          15          15         0,0           1
mainWindow#load                                       3801,0        3801        3801         0,0           1
mainWindow#uiPermissions                                 0,0           0           0         0,0           1
mainWindow#xml                                          14,5           0          29        14,5           2
mainWindow.voiceControlConsole#init                      0,0           0           0         0,0           1
mainWindow.voiceControlConsole#inject                    5,0           5           5         0,0           1
mainWindow.voiceControlConsole#load                     43,0          43          43         0,0           1
resolutionsFrame#create                                 31,5           1          62        30,5           2
resolutionsFrame#xml                                     5,5           0          22         9,5           4
startProcessButtonsFrame#create                          1,0           1           1         0,0           1
startProcessButtonsFrame#xml                             0,5           0           1         0,5           2
untitled140$Request.edit#afterShow                       0,0           0           0         0,0           1
untitled140$Request.edit#beforeShow                      3,0           3           3         0,0           1
untitled140$Request.edit#companion                       3,0           3           3         0,0           1
untitled140$Request.edit#create                          4,0           4           4         0,0           1
untitled140$Request.edit#init                           42,0          42          42         0,0           1
untitled140$Request.edit#inject                         24,0          24          24         0,0           1
untitled140$Request.edit#load                          828,0         828         828         0,0           1
untitled140$Request.edit#uiPermissions                   0,0           0           0         0,0           1
untitled140$Request.edit#xml                             0,8           0           4         1,6           5
untitled140$Request.edit.actionsFrame#init               0,0           0           0         0,0           1
untitled140$Request.edit.actionsFrame#inject             4,0           4           4         0,0           1
untitled140$Request.edit.actionsFrame#load               0,0           0           0         0,0           1
untitled140$Request.edit.cardAttachmentsFrame#init       225,0         225         225         0,0           1
untitled140$Request.edit.cardAttachmentsFrame#inject        14,0          14          14         0,0           1
untitled140$Request.edit.cardAttachmentsFrame#load       139,0         139         139         0,0           1
untitled140$Request.edit.cardProcFrame#init              5,0           5           5         0,0           1
untitled140$Request.edit.cardProcFrame#inject            6,0           6           6         0,0           1
untitled140$Request.edit.cardProcFrame#load            122,0         122         122         0,0           1
untitled140$Request.edit.cardProcFrame.cardRolesFrame#init         0,0           0           0         0,0           1
untitled140$Request.edit.cardProcFrame.cardRolesFrame#inject        12,0          12          12         0,0           1
untitled140$Request.edit.cardProcFrame.cardRolesFrame#load        75,0          75          75         0,0           1
untitled140$Request.edit.cardProcFrame@procDs           51,0          51          51         0,0           1
untitled140$Request.edit.cardTreeFrame#init              0,0           0           0         0,0           1
untitled140$Request.edit.cardTreeFrame#inject            0,0           0           0         0,0           1
untitled140$Request.edit.cardTreeFrame#load              2,0           2           2         0,0           1
untitled140$Request.edit.cardTreeFrame@cardTreeDs         1,0           1           1         0,0           1
untitled140$Request.edit.resolutionsFrame#init           0,0           0           0         0,0           1
untitled140$Request.edit.resolutionsFrame#inject         0,0           0           0         0,0           1
untitled140$Request.edit.resolutionsFrame#load           3,0           3           3         0,0           1
untitled140$Request.edit.resolutionsFrame@resolutionsDs        39,0          39          39         0,0           1
untitled140$Request.edit.startProcessButtonsFrame#init         0,0           0           0         0,0           1
untitled140$Request.edit.startProcessButtonsFrame#inject         4,0           4           4         0,0           1
untitled140$Request.edit.startProcessButtonsFrame#load         0,0           0           0         0,0           1
untitled140$Request.edit@attachmentsDs                  84,0          84          84         0,0           1
untitled140$Request.lookup#afterShow                     0,0           0           0         0,0           1
untitled140$Request.lookup#beforeShow                    0,0           0           0         0,0           1
untitled140$Request.lookup#create                       19,0          19          19         0,0           1
untitled140$Request.lookup#init                        184,0         184         184         0,0           1
untitled140$Request.lookup#inject                       40,0          40          40         0,0           1
untitled140$Request.lookup#load                       1440,0        1440        1440         0,0           1
untitled140$Request.lookup#uiPermissions                 0,0           0           0         0,0           1
untitled140$Request.lookup#xml                          12,5           0          25        12,5           2
untitled140$Request.lookup.cardTreeFrame#init            8,0           8           8         0,0           1
untitled140$Request.lookup.cardTreeFrame#inject          6,0           6           6         0,0           1
untitled140$Request.lookup.cardTreeFrame#load           65,0          65          65         0,0           1
untitled140$Request.lookup.cardTreeFrame@cardTreeDs         0,0           0           0         0,0           1
untitled140$Request.lookup.lookupWindowActions#init         0,0           0           0         0,0           1
untitled140$Request.lookup.resolutionsFrame#init        13,0          13          13         0,0           1
untitled140$Request.lookup.resolutionsFrame#inject         5,0           5           5         0,0           1
untitled140$Request.lookup.resolutionsFrame#load        99,0          99          99         0,0           1
untitled140$Request.lookup.resolutionsFrame@resolutionsDs        90,0          90          90         0,0           1
untitled140$Request.lookup@cardsDs                     193,0         193         193         0,0           1
voiceControlConsole#create                              86,0          86          86         0,0           1
voiceControlConsole#xml                                  1,0           1           1         0,0           1

Performance Statistics   2021-12-24 13:52:00 - 2021-12-24 13:54:00
Tag                                                  Avg(ms)         Min         Max     Std Dev       Count

